C51 COMPILER V8.15   LED7                                                                  07/30/2011 09:30:44 PAGE 1   


C51 COMPILER V8.15, COMPILATION OF MODULE LED7
OBJECT MODULE PLACED IN LED7.obj
COMPILER INVOKED BY: C:\Keil\C51\BIN\C51.EXE LED7\LED7.c BROWSE DEBUG OBJECTEXTEND PRINT(.\LED7.lst) OBJECT(LED7.obj)

line level    source

   1          
   2          #include "Led7.h"
   3          
   4          void init_LED7()
   5          {
   6   1      
   7   1      }


MODULE INFORMATION:   STATIC OVERLAYABLE
   CODE SIZE        =      1    ----
   CONSTANT SIZE    =   ----    ----
   XDATA SIZE       =   ----    ----
   PDATA SIZE       =   ----    ----
   DATA SIZE        =   ----    ----
   IDATA SIZE       =   ----    ----
   BIT SIZE         =   ----    ----
END OF MODULE INFORMATION.


C51 COMPILATION COMPLETE.  0 WARNING(S),  0 ERROR(S)
